{"/Users/saanbesome/Desktop/Fun Projects/001_DisAv/mobile/App.js": {"path":"/Users/saanbesome/Desktop/Fun Projects/001_DisAv/mobile/App.js","statementMap":{"0":{"start":{"line":6,"column":14},"end":{"line":17,"column":1}},"1":{"start":{"line":20,"column":2},"end":{"line":26,"column":4}}},"fnMap":{"0":{"name":"App","decl":{"start":{"line":19,"column":24},"end":{"line":19,"column":27}},"loc":{"start":{"line":19,"column":30},"end":{"line":27,"column":1}},"line":19}},"branchMap":{},"s":{"0":1,"1":1},"f":{"0":1},"b":{},"_coverageSchema":"1a1c01bbd47fc00a2c39e90264f33305004495a9","hash":"7178cc5a5e55e836cd73403139b674ad95459a18"}
,"/Users/saanbesome/Desktop/Fun Projects/001_DisAv/mobile/AppNavigator.js": {"path":"/Users/saanbesome/Desktop/Fun Projects/001_DisAv/mobile/AppNavigator.js","statementMap":{"0":{"start":{"line":12,"column":14},"end":{"line":12,"column":36}},"1":{"start":{"line":15,"column":2},"end":{"line":25,"column":4}}},"fnMap":{"0":{"name":"AppNavigator","decl":{"start":{"line":14,"column":24},"end":{"line":14,"column":36}},"loc":{"start":{"line":14,"column":39},"end":{"line":26,"column":1}},"line":14}},"branchMap":{},"s":{"0":1,"1":1},"f":{"0":1},"b":{},"_coverageSchema":"1a1c01bbd47fc00a2c39e90264f33305004495a9","hash":"0ffe2634b7caaee346903e7dc8b73eb826f5b4ec"}
,"/Users/saanbesome/Desktop/Fun Projects/001_DisAv/mobile/components/Alert.js": {"path":"/Users/saanbesome/Desktop/Fun Projects/001_DisAv/mobile/components/Alert.js","statementMap":{"0":{"start":{"line":4,"column":2},"end":{"line":4,"column":28}},"1":{"start":{"line":4,"column":16},"end":{"line":4,"column":28}},"2":{"start":{"line":5,"column":2},"end":{"line":9,"column":4}},"3":{"start":{"line":12,"column":15},"end":{"line":26,"column":2}}},"fnMap":{"0":{"name":"Alert","decl":{"start":{"line":3,"column":24},"end":{"line":3,"column":29}},"loc":{"start":{"line":3,"column":49},"end":{"line":10,"column":1}},"line":3}},"branchMap":{"0":{"loc":{"start":{"line":4,"column":2},"end":{"line":4,"column":28}},"type":"if","locations":[{"start":{"line":4,"column":2},"end":{"line":4,"column":28}},{"start":{},"end":{}}],"line":4}},"s":{"0":31,"1":26,"2":5,"3":2},"f":{"0":31},"b":{"0":[26,5]},"_coverageSchema":"1a1c01bbd47fc00a2c39e90264f33305004495a9","hash":"5e6ab5fa99576d5c05a722108f276f0e7f49ab08"}
,"/Users/saanbesome/Desktop/Fun Projects/001_DisAv/mobile/config/Api.js": {"path":"/Users/saanbesome/Desktop/Fun Projects/001_DisAv/mobile/config/Api.js","statementMap":{"0":{"start":{"line":4,"column":19},"end":{"line":4,"column":45}},"1":{"start":{"line":6,"column":0},"end":{"line":6,"column":41}},"2":{"start":{"line":8,"column":12},"end":{"line":10,"column":21}},"3":{"start":{"line":12,"column":0},"end":{"line":12,"column":17}}},"fnMap":{},"branchMap":{"0":{"loc":{"start":{"line":4,"column":19},"end":{"line":4,"column":45}},"type":"binary-expr","locations":[{"start":{"line":4,"column":19},"end":{"line":4,"column":39}},{"start":{"line":4,"column":43},"end":{"line":4,"column":45}}],"line":4},"1":{"loc":{"start":{"line":8,"column":12},"end":{"line":10,"column":21}},"type":"cond-expr","locations":[{"start":{"line":9,"column":4},"end":{"line":9,"column":57}},{"start":{"line":10,"column":4},"end":{"line":10,"column":21}}],"line":8}},"s":{"0":4,"1":4,"2":4,"3":4},"f":{},"b":{"0":[4,0],"1":[4,0]},"_coverageSchema":"1a1c01bbd47fc00a2c39e90264f33305004495a9","hash":"f24649a703e2f4c9c742b12a97437a0cfd052bf5"}
,"/Users/saanbesome/Desktop/Fun Projects/001_DisAv/mobile/config/DeviceDimensions.js": {"path":"/Users/saanbesome/Desktop/Fun Projects/001_DisAv/mobile/config/DeviceDimensions.js","statementMap":{"0":{"start":{"line":3,"column":20},"end":{"line":3,"column":50}},"1":{"start":{"line":4,"column":21},"end":{"line":4,"column":52}}},"fnMap":{},"branchMap":{},"s":{"0":5,"1":5},"f":{},"b":{},"_coverageSchema":"1a1c01bbd47fc00a2c39e90264f33305004495a9","hash":"5f8d408a151f8116c144b19d0b3a6e01b7c1469a"}
,"/Users/saanbesome/Desktop/Fun Projects/001_DisAv/mobile/screens/ForgotPassword.js": {"path":"/Users/saanbesome/Desktop/Fun Projects/001_DisAv/mobile/screens/ForgotPassword.js","statementMap":{"0":{"start":{"line":6,"column":2},"end":{"line":13,"column":4}},"1":{"start":{"line":9,"column":46},"end":{"line":9,"column":74}}},"fnMap":{"0":{"name":"ForgotPassword","decl":{"start":{"line":5,"column":24},"end":{"line":5,"column":38}},"loc":{"start":{"line":5,"column":55},"end":{"line":14,"column":1}},"line":5},"1":{"name":"(anonymous_1)","decl":{"start":{"line":9,"column":40},"end":{"line":9,"column":41}},"loc":{"start":{"line":9,"column":46},"end":{"line":9,"column":74}},"line":9}},"branchMap":{},"s":{"0":1,"1":1},"f":{"0":1,"1":1},"b":{},"_coverageSchema":"1a1c01bbd47fc00a2c39e90264f33305004495a9","hash":"6233df253cf376bef553ae6ab0678b5c90c2a666"}
,"/Users/saanbesome/Desktop/Fun Projects/001_DisAv/mobile/screens/Home.js": {"path":"/Users/saanbesome/Desktop/Fun Projects/001_DisAv/mobile/screens/Home.js","statementMap":{"0":{"start":{"line":9,"column":19},"end":{"line":9,"column":31}},"1":{"start":{"line":10,"column":2},"end":{"line":10,"column":28}},"2":{"start":{"line":11,"column":42},"end":{"line":11,"column":57}},"3":{"start":{"line":12,"column":36},"end":{"line":12,"column":48}},"4":{"start":{"line":13,"column":46},"end":{"line":13,"column":60}},"5":{"start":{"line":14,"column":40},"end":{"line":14,"column":55}},"6":{"start":{"line":15,"column":42},"end":{"line":20,"column":4}},"7":{"start":{"line":21,"column":30},"end":{"line":26,"column":3}},"8":{"start":{"line":22,"column":4},"end":{"line":25,"column":8}},"9":{"start":{"line":22,"column":34},"end":{"line":25,"column":5}},"10":{"start":{"line":28,"column":4},"end":{"line":28,"column":25}},"11":{"start":{"line":29,"column":4},"end":{"line":29,"column":29}},"12":{"start":{"line":32,"column":4},"end":{"line":32,"column":62}},"13":{"start":{"line":32,"column":34},"end":{"line":32,"column":60}},"14":{"start":{"line":35,"column":4},"end":{"line":56,"column":9}},"15":{"start":{"line":41,"column":8},"end":{"line":41,"column":36}},"16":{"start":{"line":42,"column":8},"end":{"line":42,"column":37}},"17":{"start":{"line":43,"column":8},"end":{"line":43,"column":30}},"18":{"start":{"line":45,"column":8},"end":{"line":45,"column":30}},"19":{"start":{"line":46,"column":8},"end":{"line":46,"column":28}},"20":{"start":{"line":47,"column":8},"end":{"line":47,"column":31}},"21":{"start":{"line":50,"column":8},"end":{"line":50,"column":36}},"22":{"start":{"line":51,"column":8},"end":{"line":51,"column":30}},"23":{"start":{"line":52,"column":8},"end":{"line":52,"column":51}},"24":{"start":{"line":53,"column":8},"end":{"line":53,"column":30}},"25":{"start":{"line":54,"column":8},"end":{"line":54,"column":28}},"26":{"start":{"line":55,"column":8},"end":{"line":55,"column":31}},"27":{"start":{"line":59,"column":4},"end":{"line":72,"column":6}},"28":{"start":{"line":60,"column":56},"end":{"line":60,"column":77}},"29":{"start":{"line":69,"column":33},"end":{"line":69,"column":54}},"30":{"start":{"line":75,"column":4},"end":{"line":93,"column":6}},"31":{"start":{"line":76,"column":53},"end":{"line":76,"column":74}},"32":{"start":{"line":83,"column":12},"end":{"line":88,"column":14}},"33":{"start":{"line":87,"column":29},"end":{"line":87,"column":55}},"34":{"start":{"line":90,"column":33},"end":{"line":90,"column":49}},"35":{"start":{"line":96,"column":2},"end":{"line":106,"column":4}},"36":{"start":{"line":109,"column":15},"end":{"line":118,"column":2}}},"fnMap":{"0":{"name":"Home","decl":{"start":{"line":8,"column":24},"end":{"line":8,"column":28}},"loc":{"start":{"line":8,"column":40},"end":{"line":107,"column":1}},"line":8},"1":{"name":"(anonymous_1)","decl":{"start":{"line":21,"column":30},"end":{"line":21,"column":31}},"loc":{"start":{"line":21,"column":47},"end":{"line":26,"column":3}},"line":21},"2":{"name":"(anonymous_2)","decl":{"start":{"line":22,"column":20},"end":{"line":22,"column":21}},"loc":{"start":{"line":22,"column":34},"end":{"line":25,"column":5}},"line":22},"3":{"name":"welcomeToTaskDialog","decl":{"start":{"line":27,"column":11},"end":{"line":27,"column":30}},"loc":{"start":{"line":27,"column":33},"end":{"line":30,"column":3}},"line":27},"4":{"name":"timeout","decl":{"start":{"line":31,"column":11},"end":{"line":31,"column":18}},"loc":{"start":{"line":31,"column":26},"end":{"line":33,"column":3}},"line":31},"5":{"name":"(anonymous_5)","decl":{"start":{"line":32,"column":23},"end":{"line":32,"column":24}},"loc":{"start":{"line":32,"column":34},"end":{"line":32,"column":60}},"line":32},"6":{"name":"putInitialTaks","decl":{"start":{"line":34,"column":17},"end":{"line":34,"column":31}},"loc":{"start":{"line":34,"column":34},"end":{"line":57,"column":3}},"line":34},"7":{"name":"(anonymous_7)","decl":{"start":{"line":40,"column":12},"end":{"line":40,"column":13}},"loc":{"start":{"line":40,"column":23},"end":{"line":48,"column":7}},"line":40},"8":{"name":"(anonymous_8)","decl":{"start":{"line":49,"column":13},"end":{"line":49,"column":14}},"loc":{"start":{"line":49,"column":28},"end":{"line":56,"column":7}},"line":49},"9":{"name":"welcome","decl":{"start":{"line":58,"column":11},"end":{"line":58,"column":18}},"loc":{"start":{"line":58,"column":21},"end":{"line":73,"column":3}},"line":58},"10":{"name":"(anonymous_10)","decl":{"start":{"line":60,"column":50},"end":{"line":60,"column":51}},"loc":{"start":{"line":60,"column":56},"end":{"line":60,"column":77}},"line":60},"11":{"name":"(anonymous_11)","decl":{"start":{"line":69,"column":27},"end":{"line":69,"column":28}},"loc":{"start":{"line":69,"column":33},"end":{"line":69,"column":54}},"line":69},"12":{"name":"taskType","decl":{"start":{"line":74,"column":11},"end":{"line":74,"column":19}},"loc":{"start":{"line":74,"column":22},"end":{"line":94,"column":3}},"line":74},"13":{"name":"(anonymous_13)","decl":{"start":{"line":76,"column":47},"end":{"line":76,"column":48}},"loc":{"start":{"line":76,"column":53},"end":{"line":76,"column":74}},"line":76},"14":{"name":"(anonymous_14)","decl":{"start":{"line":82,"column":44},"end":{"line":82,"column":45}},"loc":{"start":{"line":83,"column":12},"end":{"line":88,"column":14}},"line":83},"15":{"name":"(anonymous_15)","decl":{"start":{"line":87,"column":23},"end":{"line":87,"column":24}},"loc":{"start":{"line":87,"column":29},"end":{"line":87,"column":55}},"line":87},"16":{"name":"(anonymous_16)","decl":{"start":{"line":90,"column":27},"end":{"line":90,"column":28}},"loc":{"start":{"line":90,"column":33},"end":{"line":90,"column":49}},"line":90}},"branchMap":{"0":{"loc":{"start":{"line":86,"column":22},"end":{"line":86,"column":57}},"type":"cond-expr","locations":[{"start":{"line":86,"column":34},"end":{"line":86,"column":43}},{"start":{"line":86,"column":46},"end":{"line":86,"column":57}}],"line":86}},"s":{"0":31,"1":31,"2":31,"3":31,"4":31,"5":31,"6":31,"7":31,"8":0,"9":0,"10":6,"11":6,"12":5,"13":5,"14":5,"15":2,"16":2,"17":2,"18":2,"19":2,"20":2,"21":3,"22":3,"23":3,"24":3,"25":3,"26":2,"27":31,"28":0,"29":6,"30":31,"31":0,"32":124,"33":0,"34":5,"35":31,"36":2},"f":{"0":31,"1":0,"2":0,"3":6,"4":5,"5":5,"6":5,"7":2,"8":3,"9":31,"10":0,"11":6,"12":31,"13":0,"14":124,"15":0,"16":5},"b":{"0":[0,124]},"_coverageSchema":"1a1c01bbd47fc00a2c39e90264f33305004495a9","hash":"066d56312af8a2ce7b33ba547e96b12e448d1035"}
,"/Users/saanbesome/Desktop/Fun Projects/001_DisAv/mobile/screens/Login.js": {"path":"/Users/saanbesome/Desktop/Fun Projects/001_DisAv/mobile/screens/Login.js","statementMap":{"0":{"start":{"line":11,"column":34},"end":{"line":11,"column":46}},"1":{"start":{"line":12,"column":34},"end":{"line":12,"column":46}},"2":{"start":{"line":13,"column":24},"end":{"line":13,"column":36}},"3":{"start":{"line":16,"column":4},"end":{"line":19,"column":5}},"4":{"start":{"line":17,"column":6},"end":{"line":17,"column":40}},"5":{"start":{"line":18,"column":6},"end":{"line":18,"column":13}},"6":{"start":{"line":20,"column":4},"end":{"line":37,"column":9}},"7":{"start":{"line":26,"column":8},"end":{"line":32,"column":9}},"8":{"start":{"line":27,"column":10},"end":{"line":27,"column":33}},"9":{"start":{"line":29,"column":10},"end":{"line":29,"column":30}},"10":{"start":{"line":30,"column":10},"end":{"line":30,"column":32}},"11":{"start":{"line":31,"column":10},"end":{"line":31,"column":60}},"12":{"start":{"line":35,"column":8},"end":{"line":35,"column":36}},"13":{"start":{"line":36,"column":8},"end":{"line":36,"column":50}},"14":{"start":{"line":40,"column":2},"end":{"line":82,"column":4}},"15":{"start":{"line":74,"column":25},"end":{"line":74,"column":54}},"16":{"start":{"line":85,"column":15},"end":{"line":131,"column":2}}},"fnMap":{"0":{"name":"Login","decl":{"start":{"line":10,"column":24},"end":{"line":10,"column":29}},"loc":{"start":{"line":10,"column":46},"end":{"line":83,"column":1}},"line":10},"1":{"name":"signIn","decl":{"start":{"line":15,"column":17},"end":{"line":15,"column":23}},"loc":{"start":{"line":15,"column":26},"end":{"line":38,"column":3}},"line":15},"2":{"name":"(anonymous_2)","decl":{"start":{"line":25,"column":12},"end":{"line":25,"column":13}},"loc":{"start":{"line":25,"column":17},"end":{"line":33,"column":7}},"line":25},"3":{"name":"(anonymous_3)","decl":{"start":{"line":34,"column":13},"end":{"line":34,"column":14}},"loc":{"start":{"line":34,"column":22},"end":{"line":37,"column":7}},"line":34},"4":{"name":"(anonymous_4)","decl":{"start":{"line":74,"column":19},"end":{"line":74,"column":20}},"loc":{"start":{"line":74,"column":25},"end":{"line":74,"column":54}},"line":74}},"branchMap":{"0":{"loc":{"start":{"line":16,"column":4},"end":{"line":19,"column":5}},"type":"if","locations":[{"start":{"line":16,"column":4},"end":{"line":19,"column":5}},{"start":{},"end":{}}],"line":16},"1":{"loc":{"start":{"line":16,"column":8},"end":{"line":16,"column":42}},"type":"binary-expr","locations":[{"start":{"line":16,"column":8},"end":{"line":16,"column":23}},{"start":{"line":16,"column":27},"end":{"line":16,"column":42}}],"line":16},"2":{"loc":{"start":{"line":26,"column":8},"end":{"line":32,"column":9}},"type":"if","locations":[{"start":{"line":26,"column":8},"end":{"line":32,"column":9}},{"start":{"line":28,"column":15},"end":{"line":32,"column":9}}],"line":26},"3":{"loc":{"start":{"line":48,"column":9},"end":{"line":52,"column":16}},"type":"cond-expr","locations":[{"start":{"line":49,"column":10},"end":{"line":51,"column":17}},{"start":{"line":52,"column":12},"end":{"line":52,"column":16}}],"line":48}},"s":{"0":8,"1":8,"2":8,"3":2,"4":1,"5":1,"6":1,"7":1,"8":0,"9":1,"10":1,"11":0,"12":1,"13":1,"14":8,"15":0,"16":2},"f":{"0":8,"1":2,"2":1,"3":1,"4":0},"b":{"0":[1,1],"1":[2,2],"2":[0,1],"3":[2,6]},"_coverageSchema":"1a1c01bbd47fc00a2c39e90264f33305004495a9","hash":"d1eae4874274fd971eb34b82d0fc3f34258b0f58"}
,"/Users/saanbesome/Desktop/Fun Projects/001_DisAv/mobile/screens/Rewards.js": {"path":"/Users/saanbesome/Desktop/Fun Projects/001_DisAv/mobile/screens/Rewards.js","statementMap":{"0":{"start":{"line":6,"column":2},"end":{"line":13,"column":4}},"1":{"start":{"line":9,"column":46},"end":{"line":9,"column":77}}},"fnMap":{"0":{"name":"Rewards","decl":{"start":{"line":5,"column":24},"end":{"line":5,"column":31}},"loc":{"start":{"line":5,"column":48},"end":{"line":14,"column":1}},"line":5},"1":{"name":"(anonymous_1)","decl":{"start":{"line":9,"column":40},"end":{"line":9,"column":41}},"loc":{"start":{"line":9,"column":46},"end":{"line":9,"column":77}},"line":9}},"branchMap":{},"s":{"0":1,"1":1},"f":{"0":1,"1":1},"b":{},"_coverageSchema":"1a1c01bbd47fc00a2c39e90264f33305004495a9","hash":"aba7253eb4e10456796168b226ce9ba9236485f5"}
,"/Users/saanbesome/Desktop/Fun Projects/001_DisAv/mobile/screens/Settings.js": {"path":"/Users/saanbesome/Desktop/Fun Projects/001_DisAv/mobile/screens/Settings.js","statementMap":{"0":{"start":{"line":6,"column":2},"end":{"line":13,"column":4}},"1":{"start":{"line":9,"column":46},"end":{"line":9,"column":73}}},"fnMap":{"0":{"name":"Settings","decl":{"start":{"line":5,"column":24},"end":{"line":5,"column":32}},"loc":{"start":{"line":5,"column":49},"end":{"line":14,"column":1}},"line":5},"1":{"name":"(anonymous_1)","decl":{"start":{"line":9,"column":40},"end":{"line":9,"column":41}},"loc":{"start":{"line":9,"column":46},"end":{"line":9,"column":73}},"line":9}},"branchMap":{},"s":{"0":2,"1":1},"f":{"0":2,"1":1},"b":{},"_coverageSchema":"1a1c01bbd47fc00a2c39e90264f33305004495a9","hash":"648867860107f9bd1d2afc4db8e7771b48609d4f"}
,"/Users/saanbesome/Desktop/Fun Projects/001_DisAv/mobile/screens/SignUp.js": {"path":"/Users/saanbesome/Desktop/Fun Projects/001_DisAv/mobile/screens/SignUp.js","statementMap":{"0":{"start":{"line":12,"column":36},"end":{"line":12,"column":48}},"1":{"start":{"line":13,"column":34},"end":{"line":13,"column":46}},"2":{"start":{"line":14,"column":34},"end":{"line":14,"column":46}},"3":{"start":{"line":15,"column":34},"end":{"line":15,"column":46}},"4":{"start":{"line":16,"column":38},"end":{"line":16,"column":50}},"5":{"start":{"line":17,"column":28},"end":{"line":17,"column":40}},"6":{"start":{"line":18,"column":28},"end":{"line":18,"column":40}},"7":{"start":{"line":20,"column":4},"end":{"line":20,"column":25}},"8":{"start":{"line":21,"column":4},"end":{"line":50,"column":5}},"9":{"start":{"line":29,"column":6},"end":{"line":29,"column":42}},"10":{"start":{"line":30,"column":11},"end":{"line":50,"column":5}},"11":{"start":{"line":31,"column":6},"end":{"line":31,"column":41}},"12":{"start":{"line":33,"column":6},"end":{"line":33,"column":19}},"13":{"start":{"line":34,"column":6},"end":{"line":34,"column":23}},"14":{"start":{"line":35,"column":6},"end":{"line":49,"column":11}},"15":{"start":{"line":44,"column":10},"end":{"line":44,"column":44}},"16":{"start":{"line":45,"column":10},"end":{"line":45,"column":39}},"17":{"start":{"line":48,"column":10},"end":{"line":48,"column":36}},"18":{"start":{"line":53,"column":2},"end":{"line":123,"column":4}},"19":{"start":{"line":109,"column":25},"end":{"line":109,"column":33}},"20":{"start":{"line":115,"column":25},"end":{"line":115,"column":53}},"21":{"start":{"line":126,"column":15},"end":{"line":172,"column":2}}},"fnMap":{"0":{"name":"SignUp","decl":{"start":{"line":11,"column":24},"end":{"line":11,"column":30}},"loc":{"start":{"line":11,"column":47},"end":{"line":124,"column":1}},"line":11},"1":{"name":"signUp","decl":{"start":{"line":19,"column":17},"end":{"line":19,"column":23}},"loc":{"start":{"line":19,"column":26},"end":{"line":51,"column":3}},"line":19},"2":{"name":"(anonymous_2)","decl":{"start":{"line":43,"column":14},"end":{"line":43,"column":15}},"loc":{"start":{"line":43,"column":19},"end":{"line":46,"column":9}},"line":43},"3":{"name":"(anonymous_3)","decl":{"start":{"line":47,"column":15},"end":{"line":47,"column":16}},"loc":{"start":{"line":47,"column":22},"end":{"line":49,"column":9}},"line":47},"4":{"name":"(anonymous_4)","decl":{"start":{"line":109,"column":19},"end":{"line":109,"column":20}},"loc":{"start":{"line":109,"column":25},"end":{"line":109,"column":33}},"line":109},"5":{"name":"(anonymous_5)","decl":{"start":{"line":115,"column":19},"end":{"line":115,"column":20}},"loc":{"start":{"line":115,"column":25},"end":{"line":115,"column":53}},"line":115}},"branchMap":{"0":{"loc":{"start":{"line":21,"column":4},"end":{"line":50,"column":5}},"type":"if","locations":[{"start":{"line":21,"column":4},"end":{"line":50,"column":5}},{"start":{"line":30,"column":11},"end":{"line":50,"column":5}}],"line":21},"1":{"loc":{"start":{"line":22,"column":6},"end":{"line":27,"column":18}},"type":"binary-expr","locations":[{"start":{"line":22,"column":6},"end":{"line":22,"column":22}},{"start":{"line":23,"column":6},"end":{"line":23,"column":21}},{"start":{"line":24,"column":6},"end":{"line":24,"column":21}},{"start":{"line":25,"column":6},"end":{"line":25,"column":21}},{"start":{"line":26,"column":6},"end":{"line":26,"column":23}},{"start":{"line":27,"column":6},"end":{"line":27,"column":18}}],"line":22},"2":{"loc":{"start":{"line":30,"column":11},"end":{"line":50,"column":5}},"type":"if","locations":[{"start":{"line":30,"column":11},"end":{"line":50,"column":5}},{"start":{"line":32,"column":11},"end":{"line":50,"column":5}}],"line":30},"3":{"loc":{"start":{"line":61,"column":9},"end":{"line":61,"column":87}},"type":"cond-expr","locations":[{"start":{"line":61,"column":17},"end":{"line":61,"column":80}},{"start":{"line":61,"column":83},"end":{"line":61,"column":87}}],"line":61}},"s":{"0":8,"1":8,"2":8,"3":8,"4":8,"5":8,"6":8,"7":1,"8":1,"9":0,"10":1,"11":0,"12":1,"13":1,"14":1,"15":1,"16":1,"17":1,"18":8,"19":1,"20":0,"21":2},"f":{"0":8,"1":1,"2":1,"3":1,"4":1,"5":0},"b":{"0":[0,1],"1":[1,1,1,1,1,1],"2":[0,1],"3":[0,8]},"_coverageSchema":"1a1c01bbd47fc00a2c39e90264f33305004495a9","hash":"b7f47a4aa5ace40e495d6708077bb0348cf1ba26"}
,"/Users/saanbesome/Desktop/Fun Projects/001_DisAv/mobile/screens/Welcome.js": {"path":"/Users/saanbesome/Desktop/Fun Projects/001_DisAv/mobile/screens/Welcome.js","statementMap":{"0":{"start":{"line":10,"column":2},"end":{"line":36,"column":4}},"1":{"start":{"line":22,"column":25},"end":{"line":22,"column":53}},"2":{"start":{"line":30,"column":25},"end":{"line":30,"column":54}},"3":{"start":{"line":39,"column":15},"end":{"line":74,"column":2}}},"fnMap":{"0":{"name":"Welcome","decl":{"start":{"line":9,"column":24},"end":{"line":9,"column":31}},"loc":{"start":{"line":9,"column":48},"end":{"line":37,"column":1}},"line":9},"1":{"name":"(anonymous_1)","decl":{"start":{"line":22,"column":19},"end":{"line":22,"column":20}},"loc":{"start":{"line":22,"column":25},"end":{"line":22,"column":53}},"line":22},"2":{"name":"(anonymous_2)","decl":{"start":{"line":30,"column":19},"end":{"line":30,"column":20}},"loc":{"start":{"line":30,"column":25},"end":{"line":30,"column":54}},"line":30}},"branchMap":{},"s":{"0":3,"1":1,"2":1,"3":2},"f":{"0":3,"1":1,"2":1},"b":{},"_coverageSchema":"1a1c01bbd47fc00a2c39e90264f33305004495a9","hash":"9913f64a2bdf9630ce8aa80e279a16074808e933"}
}
