{"/Users/bendesollar/School/SEP/001_DisAv/mobile/App.js": {"path":"/Users/bendesollar/School/SEP/001_DisAv/mobile/App.js","statementMap":{"0":{"start":{"line":6,"column":14},"end":{"line":17,"column":1}},"1":{"start":{"line":20,"column":2},"end":{"line":26,"column":4}}},"fnMap":{"0":{"name":"App","decl":{"start":{"line":19,"column":24},"end":{"line":19,"column":27}},"loc":{"start":{"line":19,"column":30},"end":{"line":27,"column":1}},"line":19}},"branchMap":{},"s":{"0":1,"1":1},"f":{"0":1},"b":{},"_coverageSchema":"1a1c01bbd47fc00a2c39e90264f33305004495a9","hash":"2ccaf27a44867dd9f9ec3af8845d5329a06c8938"}
,"/Users/bendesollar/School/SEP/001_DisAv/mobile/AppNavigator.js": {"path":"/Users/bendesollar/School/SEP/001_DisAv/mobile/AppNavigator.js","statementMap":{"0":{"start":{"line":11,"column":14},"end":{"line":11,"column":36}},"1":{"start":{"line":14,"column":2},"end":{"line":23,"column":4}}},"fnMap":{"0":{"name":"AppNavigator","decl":{"start":{"line":13,"column":24},"end":{"line":13,"column":36}},"loc":{"start":{"line":13,"column":39},"end":{"line":24,"column":1}},"line":13}},"branchMap":{},"s":{"0":1,"1":1},"f":{"0":1},"b":{},"_coverageSchema":"1a1c01bbd47fc00a2c39e90264f33305004495a9","hash":"b4102845a93bd70d366b83e884d9aa885382a63a"}
,"/Users/bendesollar/School/SEP/001_DisAv/mobile/screens/ForgotPassword.js": {"path":"/Users/bendesollar/School/SEP/001_DisAv/mobile/screens/ForgotPassword.js","statementMap":{"0":{"start":{"line":6,"column":2},"end":{"line":13,"column":4}},"1":{"start":{"line":9,"column":46},"end":{"line":9,"column":74}}},"fnMap":{"0":{"name":"ForgotPassword","decl":{"start":{"line":5,"column":24},"end":{"line":5,"column":38}},"loc":{"start":{"line":5,"column":55},"end":{"line":14,"column":1}},"line":5},"1":{"name":"(anonymous_1)","decl":{"start":{"line":9,"column":40},"end":{"line":9,"column":41}},"loc":{"start":{"line":9,"column":46},"end":{"line":9,"column":74}},"line":9}},"branchMap":{},"s":{"0":1,"1":1},"f":{"0":1,"1":1},"b":{},"_coverageSchema":"1a1c01bbd47fc00a2c39e90264f33305004495a9","hash":"39555b3fefa3946d3691492e731cb4e2d538312e"}
,"/Users/bendesollar/School/SEP/001_DisAv/mobile/screens/Home.js": {"path":"/Users/bendesollar/School/SEP/001_DisAv/mobile/screens/Home.js","statementMap":{"0":{"start":{"line":6,"column":2},"end":{"line":16,"column":4}},"1":{"start":{"line":9,"column":46},"end":{"line":9,"column":76}},"2":{"start":{"line":12,"column":46},"end":{"line":12,"column":76}}},"fnMap":{"0":{"name":"Home","decl":{"start":{"line":5,"column":24},"end":{"line":5,"column":28}},"loc":{"start":{"line":5,"column":45},"end":{"line":17,"column":1}},"line":5},"1":{"name":"(anonymous_1)","decl":{"start":{"line":9,"column":40},"end":{"line":9,"column":41}},"loc":{"start":{"line":9,"column":46},"end":{"line":9,"column":76}},"line":9},"2":{"name":"(anonymous_2)","decl":{"start":{"line":12,"column":40},"end":{"line":12,"column":41}},"loc":{"start":{"line":12,"column":46},"end":{"line":12,"column":76}},"line":12}},"branchMap":{},"s":{"0":3,"1":1,"2":1},"f":{"0":3,"1":1,"2":1},"b":{},"_coverageSchema":"1a1c01bbd47fc00a2c39e90264f33305004495a9","hash":"a25be0a99bdec953953b136ce1d08dd5c0bfd026"}
,"/Users/bendesollar/School/SEP/001_DisAv/mobile/screens/Login.js": {"path":"/Users/bendesollar/School/SEP/001_DisAv/mobile/screens/Login.js","statementMap":{"0":{"start":{"line":6,"column":16},"end":{"line":6,"column":26}},"1":{"start":{"line":7,"column":17},"end":{"line":26,"column":3}},"2":{"start":{"line":28,"column":28},"end":{"line":28,"column":40}},"3":{"start":{"line":29,"column":34},"end":{"line":29,"column":46}},"4":{"start":{"line":31,"column":22},"end":{"line":33,"column":3}},"5":{"start":{"line":35,"column":2},"end":{"line":61,"column":4}},"6":{"start":{"line":57,"column":39},"end":{"line":57,"column":67}}},"fnMap":{"0":{"name":"Login","decl":{"start":{"line":5,"column":24},"end":{"line":5,"column":29}},"loc":{"start":{"line":5,"column":46},"end":{"line":62,"column":1}},"line":5},"1":{"name":"(anonymous_1)","decl":{"start":{"line":31,"column":22},"end":{"line":31,"column":23}},"loc":{"start":{"line":31,"column":28},"end":{"line":33,"column":3}},"line":31},"2":{"name":"(anonymous_2)","decl":{"start":{"line":57,"column":33},"end":{"line":57,"column":34}},"loc":{"start":{"line":57,"column":39},"end":{"line":57,"column":67}},"line":57}},"branchMap":{},"s":{"0":1,"1":1,"2":1,"3":1,"4":1,"5":1,"6":0},"f":{"0":1,"1":0,"2":0},"b":{},"_coverageSchema":"1a1c01bbd47fc00a2c39e90264f33305004495a9","hash":"ce7e132a2680dd94c5fa8bc2fe1e6b96b12dc613"}
,"/Users/bendesollar/School/SEP/001_DisAv/mobile/screens/Rewards.js": {"path":"/Users/bendesollar/School/SEP/001_DisAv/mobile/screens/Rewards.js","statementMap":{"0":{"start":{"line":6,"column":2},"end":{"line":13,"column":4}},"1":{"start":{"line":9,"column":46},"end":{"line":9,"column":77}}},"fnMap":{"0":{"name":"Rewards","decl":{"start":{"line":5,"column":24},"end":{"line":5,"column":31}},"loc":{"start":{"line":5,"column":48},"end":{"line":14,"column":1}},"line":5},"1":{"name":"(anonymous_1)","decl":{"start":{"line":9,"column":40},"end":{"line":9,"column":41}},"loc":{"start":{"line":9,"column":46},"end":{"line":9,"column":77}},"line":9}},"branchMap":{},"s":{"0":1,"1":1},"f":{"0":1,"1":1},"b":{},"_coverageSchema":"1a1c01bbd47fc00a2c39e90264f33305004495a9","hash":"44346eb01e38be932357e777c5f5ce57f00f56e8"}
,"/Users/bendesollar/School/SEP/001_DisAv/mobile/screens/Settings.js": {"path":"/Users/bendesollar/School/SEP/001_DisAv/mobile/screens/Settings.js","statementMap":{"0":{"start":{"line":6,"column":2},"end":{"line":13,"column":4}},"1":{"start":{"line":9,"column":46},"end":{"line":9,"column":73}}},"fnMap":{"0":{"name":"Settings","decl":{"start":{"line":5,"column":24},"end":{"line":5,"column":32}},"loc":{"start":{"line":5,"column":49},"end":{"line":14,"column":1}},"line":5},"1":{"name":"(anonymous_1)","decl":{"start":{"line":9,"column":40},"end":{"line":9,"column":41}},"loc":{"start":{"line":9,"column":46},"end":{"line":9,"column":73}},"line":9}},"branchMap":{},"s":{"0":2,"1":1},"f":{"0":2,"1":1},"b":{},"_coverageSchema":"1a1c01bbd47fc00a2c39e90264f33305004495a9","hash":"238abad2f03eee7c1db707f602b212d086836dcf"}
,"/Users/bendesollar/School/SEP/001_DisAv/mobile/screens/SignUp.js": {"path":"/Users/bendesollar/School/SEP/001_DisAv/mobile/screens/SignUp.js","statementMap":{"0":{"start":{"line":6,"column":16},"end":{"line":6,"column":26}},"1":{"start":{"line":7,"column":17},"end":{"line":26,"column":3}},"2":{"start":{"line":28,"column":36},"end":{"line":28,"column":48}},"3":{"start":{"line":29,"column":34},"end":{"line":29,"column":46}},"4":{"start":{"line":30,"column":28},"end":{"line":30,"column":40}},"5":{"start":{"line":31,"column":40},"end":{"line":31,"column":52}},"6":{"start":{"line":32,"column":34},"end":{"line":32,"column":46}},"7":{"start":{"line":33,"column":48},"end":{"line":33,"column":60}},"8":{"start":{"line":35,"column":23},"end":{"line":37,"column":3}},"9":{"start":{"line":39,"column":2},"end":{"line":94,"column":4}},"10":{"start":{"line":90,"column":39},"end":{"line":90,"column":67}}},"fnMap":{"0":{"name":"SignUpScreen","decl":{"start":{"line":5,"column":24},"end":{"line":5,"column":36}},"loc":{"start":{"line":5,"column":53},"end":{"line":95,"column":1}},"line":5},"1":{"name":"(anonymous_1)","decl":{"start":{"line":35,"column":23},"end":{"line":35,"column":24}},"loc":{"start":{"line":35,"column":29},"end":{"line":37,"column":3}},"line":35},"2":{"name":"(anonymous_2)","decl":{"start":{"line":90,"column":33},"end":{"line":90,"column":34}},"loc":{"start":{"line":90,"column":39},"end":{"line":90,"column":67}},"line":90}},"branchMap":{},"s":{"0":3,"1":3,"2":3,"3":3,"4":3,"5":3,"6":3,"7":3,"8":3,"9":3,"10":0},"f":{"0":3,"1":1,"2":0},"b":{},"_coverageSchema":"1a1c01bbd47fc00a2c39e90264f33305004495a9","hash":"2c6bd0a3e3831e9cb2554f8d8e8d71d8b71b3cda"}
}
