TN:
SF:App.js
FN:19,App
FNF:1
FNH:1
FNDA:1,App
DA:6,1
DA:20,1
LF:2
LH:2
BRF:0
BRH:0
end_of_record
TN:
SF:AppNavigator.js
FN:13,AppNavigator
FNF:1
FNH:1
FNDA:1,AppNavigator
DA:11,1
DA:14,1
LF:2
LH:2
BRF:0
BRH:0
end_of_record
TN:
SF:screens/ForgotPassword.js
FN:5,ForgotPassword
FN:9,(anonymous_1)
FNF:2
FNH:2
FNDA:1,ForgotPassword
FNDA:1,(anonymous_1)
DA:6,1
DA:9,1
LF:2
LH:2
BRF:0
BRH:0
end_of_record
TN:
SF:screens/Home.js
FN:5,Home
FN:9,(anonymous_1)
FN:12,(anonymous_2)
FNF:3
FNH:3
FNDA:3,Home
FNDA:1,(anonymous_1)
FNDA:1,(anonymous_2)
DA:6,3
DA:9,1
DA:12,1
LF:3
LH:3
BRF:0
BRH:0
end_of_record
TN:
SF:screens/Login.js
FN:5,Login
FN:31,(anonymous_1)
FN:57,(anonymous_2)
FNF:3
FNH:1
FNDA:1,Login
FNDA:0,(anonymous_1)
FNDA:0,(anonymous_2)
DA:6,1
DA:7,1
DA:28,1
DA:29,1
DA:31,1
DA:35,1
DA:57,0
LF:7
LH:6
BRF:0
BRH:0
end_of_record
TN:
SF:screens/Rewards.js
FN:5,Rewards
FN:9,(anonymous_1)
FNF:2
FNH:2
FNDA:1,Rewards
FNDA:1,(anonymous_1)
DA:6,1
DA:9,1
LF:2
LH:2
BRF:0
BRH:0
end_of_record
TN:
SF:screens/Settings.js
FN:5,Settings
FN:9,(anonymous_1)
FNF:2
FNH:2
FNDA:2,Settings
FNDA:1,(anonymous_1)
DA:6,2
DA:9,1
LF:2
LH:2
BRF:0
BRH:0
end_of_record
TN:
SF:screens/SignUp.js
FN:5,SignUpScreen
FN:35,(anonymous_1)
FN:90,(anonymous_2)
FNF:3
FNH:2
FNDA:3,SignUpScreen
FNDA:1,(anonymous_1)
FNDA:0,(anonymous_2)
DA:6,3
DA:7,3
DA:28,3
DA:29,3
DA:30,3
DA:31,3
DA:32,3
DA:33,3
DA:35,3
DA:39,3
DA:90,0
LF:11
LH:10
BRF:0
BRH:0
end_of_record
