TN:
SF:App.js
FN:19,App
FNF:1
FNH:1
FNDA:1,App
DA:6,1
DA:20,1
LF:2
LH:2
BRF:0
BRH:0
end_of_record
TN:
SF:AppNavigator.js
FN:14,AppNavigator
FNF:1
FNH:1
FNDA:1,AppNavigator
DA:12,1
DA:15,1
LF:2
LH:2
BRF:0
BRH:0
end_of_record
TN:
SF:config/Api.js
FNF:0
FNH:0
DA:4,4
DA:6,4
DA:8,4
DA:12,4
LF:4
LH:4
BRDA:4,0,0,4
BRDA:4,0,1,0
BRDA:8,1,0,4
BRDA:8,1,1,0
BRF:4
BRH:2
end_of_record
TN:
SF:config/DeviceDimensions.js
FNF:0
FNH:0
DA:3,4
DA:4,4
LF:2
LH:2
BRF:0
BRH:0
end_of_record
TN:
SF:screens/ForgotPassword.js
FN:5,ForgotPassword
FN:9,(anonymous_1)
FNF:2
FNH:2
FNDA:1,ForgotPassword
FNDA:1,(anonymous_1)
DA:6,1
DA:9,1
LF:2
LH:2
BRF:0
BRH:0
end_of_record
TN:
SF:screens/Home.js
FN:7,Home
FN:18,(anonymous_1)
FN:19,(anonymous_2)
FN:24,welcomeToTaskDialog
FN:28,putInitialTaks
FN:34,(anonymous_5)
FN:38,(anonymous_6)
FN:42,welcome
FN:44,(anonymous_8)
FN:53,(anonymous_9)
FN:58,taskType
FN:60,(anonymous_11)
FN:64,(anonymous_12)
FN:69,(anonymous_13)
FN:72,(anonymous_14)
FNF:15
FNH:9
FNDA:5,Home
FNDA:0,(anonymous_1)
FNDA:0,(anonymous_2)
FNDA:2,welcomeToTaskDialog
FNDA:1,putInitialTaks
FNDA:0,(anonymous_5)
FNDA:1,(anonymous_6)
FNDA:5,welcome
FNDA:0,(anonymous_8)
FNDA:2,(anonymous_9)
FNDA:5,taskType
FNDA:0,(anonymous_11)
FNDA:20,(anonymous_12)
FNDA:0,(anonymous_13)
FNDA:1,(anonymous_14)
DA:8,5
DA:9,5
DA:10,5
DA:11,5
DA:12,5
DA:18,5
DA:19,0
DA:25,2
DA:26,2
DA:29,1
DA:35,0
DA:36,0
DA:39,1
DA:43,5
DA:44,0
DA:53,2
DA:59,5
DA:60,0
DA:65,20
DA:69,0
DA:72,1
DA:78,5
LF:22
LH:16
BRDA:68,0,0,0
BRDA:68,0,1,20
BRF:2
BRH:1
end_of_record
TN:
SF:screens/Login.js
FN:10,Login
FN:15,signIn
FN:25,(anonymous_2)
FN:34,(anonymous_3)
FN:74,(anonymous_4)
FNF:5
FNH:4
FNDA:8,Login
FNDA:2,signIn
FNDA:1,(anonymous_2)
FNDA:1,(anonymous_3)
FNDA:0,(anonymous_4)
DA:11,8
DA:12,8
DA:13,8
DA:16,2
DA:17,1
DA:18,1
DA:20,1
DA:26,1
DA:27,0
DA:29,1
DA:30,1
DA:31,0
DA:35,1
DA:36,1
DA:40,8
DA:74,0
DA:85,2
LF:17
LH:14
BRDA:16,0,0,1
BRDA:16,0,1,1
BRDA:16,1,0,2
BRDA:16,1,1,2
BRDA:26,2,0,0
BRDA:26,2,1,1
BRDA:48,3,0,2
BRDA:48,3,1,6
BRF:8
BRH:7
end_of_record
TN:
SF:screens/Rewards.js
FN:5,Rewards
FN:9,(anonymous_1)
FNF:2
FNH:2
FNDA:1,Rewards
FNDA:1,(anonymous_1)
DA:6,1
DA:9,1
LF:2
LH:2
BRF:0
BRH:0
end_of_record
TN:
SF:screens/Settings.js
FN:5,Settings
FN:9,(anonymous_1)
FNF:2
FNH:2
FNDA:2,Settings
FNDA:1,(anonymous_1)
DA:6,2
DA:9,1
LF:2
LH:2
BRF:0
BRH:0
end_of_record
TN:
SF:screens/SignUp.js
FN:11,SignUp
FN:19,signUp
FN:43,(anonymous_2)
FN:47,(anonymous_3)
FN:109,(anonymous_4)
FN:115,(anonymous_5)
FNF:6
FNH:5
FNDA:8,SignUp
FNDA:1,signUp
FNDA:1,(anonymous_2)
FNDA:1,(anonymous_3)
FNDA:1,(anonymous_4)
FNDA:0,(anonymous_5)
DA:12,8
DA:13,8
DA:14,8
DA:15,8
DA:16,8
DA:17,8
DA:18,8
DA:20,1
DA:21,1
DA:29,0
DA:30,1
DA:31,0
DA:33,1
DA:34,1
DA:35,1
DA:44,1
DA:45,1
DA:48,1
DA:53,8
DA:109,1
DA:115,0
DA:126,2
LF:22
LH:19
BRDA:21,0,0,0
BRDA:21,0,1,1
BRDA:22,1,0,1
BRDA:22,1,1,1
BRDA:22,1,2,1
BRDA:22,1,3,1
BRDA:22,1,4,1
BRDA:22,1,5,1
BRDA:30,2,0,0
BRDA:30,2,1,1
BRDA:61,3,0,0
BRDA:61,3,1,8
BRF:12
BRH:9
end_of_record
TN:
SF:screens/Welcome.js
FN:9,Welcome
FN:22,(anonymous_1)
FN:30,(anonymous_2)
FNF:3
FNH:3
FNDA:3,Welcome
FNDA:1,(anonymous_1)
FNDA:1,(anonymous_2)
DA:10,3
DA:22,1
DA:30,1
DA:39,2
LF:4
LH:4
BRF:0
BRH:0
end_of_record
